# JRE version: OpenJDK Runtime Environment (17.0.2+8) (build 17.0.2+8-86)
# Java VM: OpenJDK 64-Bit Server VM (17.0.2+8-86, mixed mode, sharing, tiered, compressed oops, compressed class ptrs, g1 gc, windows-amd64)
GC Precious Log:
 CPUs: 8 total, 8 available
 Memory: 16178M
 Large Page Support: Disabled
 NUMA Support: Disabled
 Compressed Oops: Enabled (Zero based)
 Heap Region Size: 2M
 Heap Min Capacity: 8M
 Heap Initial Capacity: 254M
 Heap Max Capacity: 4046M
 Pre-touch: Disabled
 Parallel Workers: 8
 Concurrent Workers: 2
 Concurrent Refinement Workers: 8
 Periodic GC: Disabled
Heap:
 garbage-first heap   total 260096K, used 82557K [0x0000000703200000, 0x0000000800000000)
  region size 2048K, 2 young (4096K), 2 survivors (4096K)
 Metaspace       used 85548K, committed 86144K, reserved 1130496K
  class space    used 11545K, committed 11840K, reserved 1048576K
GC Heap History (20 events):
Event: 8.190 GC heap after
{Heap after GC invocations=14 (full 0):
 garbage-first heap   total 96256K, used 29215K [0x0000000703200000, 0x0000000800000000)
  region size 2048K, 3 young (6144K), 3 survivors (6144K)
 Metaspace       used 59751K, committed 60288K, reserved 1105920K
  class space    used 8082K, committed 8384K, reserved 1048576K
}
Event: 9.346 GC heap before
{Heap before GC invocations=15 (full 0):
 garbage-first heap   total 96256K, used 70175K [0x0000000703200000, 0x0000000800000000)
  region size 2048K, 24 young (49152K), 3 survivors (6144K)
 Metaspace       used 65918K, committed 66432K, reserved 1105920K
  class space    used 9056K, committed 9344K, reserved 1048576K
}
Event: 9.364 GC heap after
{Heap after GC invocations=16 (full 0):
 garbage-first heap   total 96256K, used 33401K [0x0000000703200000, 0x0000000800000000)
  region size 2048K, 3 young (6144K), 3 survivors (6144K)
 Metaspace       used 65918K, committed 66432K, reserved 1105920K
  class space    used 9056K, committed 9344K, reserved 1048576K
}
Event: 10.376 GC heap before
{Heap before GC invocations=16 (full 0):
 garbage-first heap   total 96256K, used 70265K [0x0000000703200000, 0x0000000800000000)
  region size 2048K, 22 young (45056K), 3 survivors (6144K)
 Metaspace       used 70057K, committed 70592K, reserved 1114112K
  class space    used 9731K, committed 9984K, reserved 1048576K
}
Event: 10.384 GC heap after
{Heap after GC invocations=17 (full 0):
 garbage-first heap   total 116736K, used 36738K [0x0000000703200000, 0x0000000800000000)
  region size 2048K, 2 young (4096K), 2 survivors (4096K)
 Metaspace       used 70057K, committed 70592K, reserved 1114112K
  class space    used 9731K, committed 9984K, reserved 1048576K
}
Event: 11.615 GC heap before
{Heap before GC invocations=17 (full 0):
 garbage-first heap   total 116736K, used 89986K [0x0000000703200000, 0x0000000800000000)
  region size 2048K, 28 young (57344K), 2 survivors (4096K)
 Metaspace       used 76405K, committed 76992K, reserved 1122304K
  class space    used 10533K, committed 10816K, reserved 1048576K
}
Event: 11.623 GC heap after
{Heap after GC invocations=18 (full 0):
 garbage-first heap   total 116736K, used 40192K [0x0000000703200000, 0x0000000800000000)
  region size 2048K, 4 young (8192K), 4 survivors (8192K)
 Metaspace       used 76405K, committed 76992K, reserved 1122304K
  class space    used 10533K, committed 10816K, reserved 1048576K
}
Event: 12.328 GC heap before
{Heap before GC invocations=18 (full 0):
 garbage-first heap   total 116736K, used 87296K [0x0000000703200000, 0x0000000800000000)
  region size 2048K, 28 young (57344K), 4 survivors (8192K)
 Metaspace       used 80005K, committed 80576K, reserved 1122304K
  class space    used 10863K, committed 11136K, reserved 1048576K
}
Event: 12.336 GC heap after
{Heap after GC invocations=19 (full 0):
 garbage-first heap   total 116736K, used 43303K [0x0000000703200000, 0x0000000800000000)
  region size 2048K, 2 young (4096K), 2 survivors (4096K)
 Metaspace       used 80005K, committed 80576K, reserved 1122304K
  class space    used 10863K, committed 11136K, reserved 1048576K
}
Event: 13.528 GC heap before
{Heap before GC invocations=19 (full 0):
 garbage-first heap   total 116736K, used 88359K [0x0000000703200000, 0x0000000800000000)
  region size 2048K, 24 young (49152K), 2 survivors (4096K)
 Metaspace       used 85013K, committed 85696K, reserved 1130496K
  class space    used 11513K, committed 11840K, reserved 1048576K
}
Event: 13.535 GC heap after
{Heap after GC invocations=20 (full 0):
 garbage-first heap   total 116736K, used 47277K [0x0000000703200000, 0x0000000800000000)
  region size 2048K, 3 young (6144K), 3 survivors (6144K)
 Metaspace       used 85013K, committed 85696K, reserved 1130496K
  class space    used 11513K, committed 11840K, reserved 1048576K
}
Event: 13.825 GC heap before
{Heap before GC invocations=20 (full 0):
 garbage-first heap   total 116736K, used 88237K [0x0000000703200000, 0x0000000800000000)
  region size 2048K, 24 young (49152K), 3 survivors (6144K)
 Metaspace       used 85327K, committed 85952K, reserved 1130496K
  class space    used 11531K, committed 11840K, reserved 1048576K
}
Event: 13.835 GC heap after
{Heap after GC invocations=21 (full 0):
 garbage-first heap   total 116736K, used 56190K [0x0000000703200000, 0x0000000800000000)
  region size 2048K, 3 young (6144K), 3 survivors (6144K)
 Metaspace       used 85327K, committed 85952K, reserved 1130496K
  class space    used 11531K, committed 11840K, reserved 1048576K
}
Event: 14.066 GC heap before
{Heap before GC invocations=21 (full 0):
 garbage-first heap   total 116736K, used 84862K [0x0000000703200000, 0x0000000800000000)
  region size 2048K, 18 young (36864K), 3 survivors (6144K)
 Metaspace       used 85507K, committed 86144K, reserved 1130496K
  class space    used 11545K, committed 11840K, reserved 1048576K
}
Event: 14.075 GC heap after
{Heap after GC invocations=22 (full 0):
 garbage-first heap   total 116736K, used 64312K [0x0000000703200000, 0x0000000800000000)
  region size 2048K, 3 young (6144K), 3 survivors (6144K)
 Metaspace       used 85507K, committed 86144K, reserved 1130496K
  class space    used 11545K, committed 11840K, reserved 1048576K
}
Event: 14.218 GC heap before
{Heap before GC invocations=23 (full 0):
 garbage-first heap   total 137216K, used 86840K [0x0000000703200000, 0x0000000800000000)
  region size 2048K, 14 young (28672K), 3 survivors (6144K)
 Metaspace       used 85523K, committed 86144K, reserved 1130496K
  class space    used 11545K, committed 11840K, reserved 1048576K
}
Event: 14.226 GC heap after
{Heap after GC invocations=24 (full 0):
 garbage-first heap   total 137216K, used 70841K [0x0000000703200000, 0x0000000800000000)
  region size 2048K, 2 young (4096K), 2 survivors (4096K)
 Metaspace       used 85523K, committed 86144K, reserved 1130496K
  class space    used 11545K, committed 11840K, reserved 1048576K
}
Event: 14.411 GC heap before
{Heap before GC invocations=24 (full 0):
 garbage-first heap   total 137216K, used 101561K [0x0000000703200000, 0x0000000800000000)
  region size 2048K, 17 young (34816K), 2 survivors (4096K)
 Metaspace       used 85543K, committed 86144K, reserved 1130496K
  class space    used 11545K, committed 11840K, reserved 1048576K
}
Event: 14.419 GC heap after
{Heap after GC invocations=25 (full 0):
 garbage-first heap   total 137216K, used 79426K [0x0000000703200000, 0x0000000800000000)
  region size 2048K, 3 young (6144K), 3 survivors (6144K)
 Metaspace       used 85543K, committed 86144K, reserved 1130496K
  class space    used 11545K, committed 11840K, reserved 1048576K
}
Event: 14.550 GC heap before
{Heap before GC invocations=25 (full 0):
 garbage-first heap   total 153600K, used 97858K [0x0000000703200000, 0x0000000800000000)
  region size 2048K, 14 young (28672K), 3 survivors (6144K)
 Metaspace       used 85548K, committed 86144K, reserved 1130496K
  class space    used 11545K, committed 11840K, reserved 1048576K
}

