# JRE version: OpenJDK Runtime Environment (17.0.2+8) (build 17.0.2+8-86)
# Java VM: OpenJDK 64-Bit Server VM (17.0.2+8-86, mixed mode, sharing, tiered, compressed oops, compressed class ptrs, g1 gc, windows-amd64)
GC Precious Log:
 CPUs: 8 total, 8 available
 Memory: 16178M
 Large Page Support: Disabled
 NUMA Support: Disabled
 Compressed Oops: Enabled (Zero based)
 Heap Region Size: 2M
 Heap Min Capacity: 8M
 Heap Initial Capacity: 254M
 Heap Max Capacity: 4046M
 Pre-touch: Disabled
 Parallel Workers: 8
 Concurrent Workers: 2
 Concurrent Refinement Workers: 8
 Periodic GC: Disabled
Heap:
 garbage-first heap   total 583680K, used 116993K [0x0000000703200000, 0x0000000800000000)
  region size 2048K, 18 young (36864K), 1 survivors (2048K)
 Metaspace       used 90005K, committed 90688K, reserved 1130496K
  class space    used 12155K, committed 12480K, reserved 1048576K
GC Heap History (20 events):
Event: 10.776 GC heap before
{Heap before GC invocations=19 (full 0):
 garbage-first heap   total 110592K, used 84492K [0x0000000703200000, 0x0000000800000000)
  region size 2048K, 21 young (43008K), 2 survivors (4096K)
 Metaspace       used 85174K, committed 85824K, reserved 1130496K
  class space    used 11538K, committed 11840K, reserved 1048576K
}
Event: 10.782 GC heap after
{Heap after GC invocations=20 (full 0):
 garbage-first heap   total 110592K, used 50228K [0x0000000703200000, 0x0000000800000000)
  region size 2048K, 3 young (6144K), 3 survivors (6144K)
 Metaspace       used 85174K, committed 85824K, reserved 1130496K
  class space    used 11538K, committed 11840K, reserved 1048576K
}
Event: 10.931 GC heap before
{Heap before GC invocations=20 (full 0):
 garbage-first heap   total 110592K, used 85044K [0x0000000703200000, 0x0000000800000000)
  region size 2048K, 20 young (40960K), 3 survivors (6144K)
 Metaspace       used 85248K, committed 85888K, reserved 1130496K
  class space    used 11538K, committed 11840K, reserved 1048576K
}
Event: 10.939 GC heap after
{Heap after GC invocations=21 (full 0):
 garbage-first heap   total 110592K, used 57753K [0x0000000703200000, 0x0000000800000000)
  region size 2048K, 3 young (6144K), 3 survivors (6144K)
 Metaspace       used 85248K, committed 85888K, reserved 1130496K
  class space    used 11538K, committed 11840K, reserved 1048576K
}
Event: 11.097 GC heap before
{Heap before GC invocations=21 (full 0):
 garbage-first heap   total 110592K, used 84377K [0x0000000703200000, 0x0000000800000000)
  region size 2048K, 16 young (32768K), 3 survivors (6144K)
 Metaspace       used 85433K, committed 86144K, reserved 1130496K
  class space    used 11551K, committed 11904K, reserved 1048576K
}
Event: 11.104 GC heap after
{Heap after GC invocations=22 (full 0):
 garbage-first heap   total 133120K, used 65610K [0x0000000703200000, 0x0000000800000000)
  region size 2048K, 2 young (4096K), 2 survivors (4096K)
 Metaspace       used 85433K, committed 86144K, reserved 1130496K
  class space    used 11551K, committed 11904K, reserved 1048576K
}
Event: 11.243 GC heap before
{Heap before GC invocations=23 (full 0):
 garbage-first heap   total 153600K, used 96330K [0x0000000703200000, 0x0000000800000000)
  region size 2048K, 18 young (36864K), 2 survivors (4096K)
 Metaspace       used 85461K, committed 86144K, reserved 1130496K
  class space    used 11551K, committed 11904K, reserved 1048576K
}
Event: 11.250 GC heap after
{Heap after GC invocations=24 (full 0):
 garbage-first heap   total 153600K, used 73037K [0x0000000703200000, 0x0000000800000000)
  region size 2048K, 3 young (6144K), 3 survivors (6144K)
 Metaspace       used 85461K, committed 86144K, reserved 1130496K
  class space    used 11551K, committed 11904K, reserved 1048576K
}
Event: 11.415 GC heap before
{Heap before GC invocations=24 (full 0):
 garbage-first heap   total 153600K, used 109901K [0x0000000703200000, 0x0000000800000000)
  region size 2048K, 22 young (45056K), 3 survivors (6144K)
 Metaspace       used 85477K, committed 86144K, reserved 1130496K
  class space    used 11551K, committed 11904K, reserved 1048576K
}
Event: 11.424 GC heap after
{Heap after GC invocations=25 (full 0):
 garbage-first heap   total 153600K, used 84691K [0x0000000703200000, 0x0000000800000000)
  region size 2048K, 3 young (6144K), 3 survivors (6144K)
 Metaspace       used 85477K, committed 86144K, reserved 1130496K
  class space    used 11551K, committed 11904K, reserved 1048576K
}
Event: 11.556 GC heap before
{Heap before GC invocations=26 (full 0):
 garbage-first heap   total 172032K, used 111315K [0x0000000703200000, 0x0000000800000000)
  region size 2048K, 18 young (36864K), 3 survivors (6144K)
 Metaspace       used 85488K, committed 86144K, reserved 1130496K
  class space    used 11551K, committed 11904K, reserved 1048576K
}
Event: 11.562 GC heap after
{Heap after GC invocations=27 (full 0):
 garbage-first heap   total 172032K, used 90046K [0x0000000703200000, 0x0000000800000000)
  region size 2048K, 3 young (6144K), 3 survivors (6144K)
 Metaspace       used 85488K, committed 86144K, reserved 1130496K
  class space    used 11551K, committed 11904K, reserved 1048576K
}
Event: 11.567 GC heap before
{Heap before GC invocations=27 (full 0):
 garbage-first heap   total 172032K, used 92094K [0x0000000703200000, 0x0000000800000000)
  region size 2048K, 4 young (8192K), 3 survivors (6144K)
 Metaspace       used 85488K, committed 86144K, reserved 1130496K
  class space    used 11551K, committed 11904K, reserved 1048576K
}
Event: 11.571 GC heap after
{Heap after GC invocations=28 (full 0):
 garbage-first heap   total 172032K, used 81714K [0x0000000703200000, 0x0000000800000000)
  region size 2048K, 1 young (2048K), 1 survivors (2048K)
 Metaspace       used 85488K, committed 86144K, reserved 1130496K
  class space    used 11551K, committed 11904K, reserved 1048576K
}
Event: 11.708 GC heap before
{Heap before GC invocations=28 (full 0):
 garbage-first heap   total 172032K, used 122674K [0x0000000703200000, 0x0000000800000000)
  region size 2048K, 22 young (45056K), 1 survivors (2048K)
 Metaspace       used 85504K, committed 86208K, reserved 1130496K
  class space    used 11553K, committed 11904K, reserved 1048576K
}
Event: 11.715 GC heap after
{Heap after GC invocations=29 (full 0):
 garbage-first heap   total 172032K, used 91844K [0x0000000703200000, 0x0000000800000000)
  region size 2048K, 3 young (6144K), 3 survivors (6144K)
 Metaspace       used 85504K, committed 86208K, reserved 1130496K
  class space    used 11553K, committed 11904K, reserved 1048576K
}
Event: 12.039 GC heap before
{Heap before GC invocations=30 (full 0):
 garbage-first heap   total 194560K, used 124612K [0x0000000703200000, 0x0000000800000000)
  region size 2048K, 21 young (43008K), 3 survivors (6144K)
 Metaspace       used 86382K, committed 87040K, reserved 1130496K
  class space    used 11707K, committed 12032K, reserved 1048576K
}
Event: 12.050 GC heap after
{Heap after GC invocations=31 (full 0):
 garbage-first heap   total 194560K, used 99172K [0x0000000703200000, 0x0000000800000000)
  region size 2048K, 3 young (6144K), 3 survivors (6144K)
 Metaspace       used 86382K, committed 87040K, reserved 1130496K
  class space    used 11707K, committed 12032K, reserved 1048576K
}
Event: 12.087 GC heap before
{Heap before GC invocations=31 (full 0):
 garbage-first heap   total 194560K, used 99172K [0x0000000703200000, 0x0000000800000000)
  region size 2048K, 4 young (8192K), 3 survivors (6144K)
 Metaspace       used 86577K, committed 87168K, reserved 1130496K
  class space    used 11741K, committed 12032K, reserved 1048576K
}
Event: 12.095 GC heap after
{Heap after GC invocations=32 (full 0):
 garbage-first heap   total 583680K, used 84225K [0x0000000703200000, 0x0000000800000000)
  region size 2048K, 1 young (2048K), 1 survivors (2048K)
 Metaspace       used 86577K, committed 87168K, reserved 1130496K
  class space    used 11741K, committed 12032K, reserved 1048576K
}

