# JRE version: OpenJDK Runtime Environment (17.0.2+8) (build 17.0.2+8-86)
# Java VM: OpenJDK 64-Bit Server VM (17.0.2+8-86, mixed mode, sharing, tiered, compressed oops, compressed class ptrs, g1 gc, windows-amd64)
GC Precious Log:
 CPUs: 8 total, 8 available
 Memory: 16178M
 Large Page Support: Disabled
 NUMA Support: Disabled
 Compressed Oops: Enabled (32-bit)
 Heap Region Size: 1M
 Heap Min Capacity: 256M
 Heap Initial Capacity: 256M
 Heap Max Capacity: 512M
 Pre-touch: Disabled
 Parallel Workers: 8
 Concurrent Workers: 2
 Concurrent Refinement Workers: 8
 Periodic GC: Disabled
Heap:
 garbage-first heap   total 262144K, used 113918K [0x00000000e0000000, 0x0000000100000000)
  region size 1024K, 43 young (44032K), 6 survivors (6144K)
 Metaspace       used 64454K, committed 65152K, reserved 372736K
  class space    used 8897K, committed 9216K, reserved 315392K
GC Heap History (20 events):
Event: 1.724 GC heap before
{Heap before GC invocations=1 (full 0):
 garbage-first heap   total 262144K, used 38386K [0x00000000e0000000, 0x0000000100000000)
  region size 1024K, 30 young (30720K), 3 survivors (3072K)
 Metaspace       used 4062K, committed 4224K, reserved 323584K
  class space    used 507K, committed 640K, reserved 315392K
}
Event: 1.728 GC heap after
{Heap after GC invocations=2 (full 0):
 garbage-first heap   total 262144K, used 12524K [0x00000000e0000000, 0x0000000100000000)
  region size 1024K, 2 young (2048K), 2 survivors (2048K)
 Metaspace       used 4062K, committed 4224K, reserved 323584K
  class space    used 507K, committed 640K, reserved 315392K
}
Event: 4.493 GC heap before
{Heap before GC invocations=2 (full 0):
 garbage-first heap   total 262144K, used 142572K [0x00000000e0000000, 0x0000000100000000)
  region size 1024K, 127 young (130048K), 2 survivors (2048K)
 Metaspace       used 20828K, committed 21120K, reserved 339968K
  class space    used 3075K, committed 3200K, reserved 315392K
}
Event: 4.502 GC heap after
{Heap after GC invocations=3 (full 0):
 garbage-first heap   total 262144K, used 23855K [0x00000000e0000000, 0x0000000100000000)
  region size 1024K, 12 young (12288K), 12 survivors (12288K)
 Metaspace       used 20828K, committed 21120K, reserved 339968K
  class space    used 3075K, committed 3200K, reserved 315392K
}
Event: 4.543 GC heap before
{Heap before GC invocations=3 (full 0):
 garbage-first heap   total 262144K, used 26927K [0x00000000e0000000, 0x0000000100000000)
  region size 1024K, 16 young (16384K), 12 survivors (12288K)
 Metaspace       used 21207K, committed 21504K, reserved 339968K
  class space    used 3129K, committed 3264K, reserved 315392K
}
Event: 4.551 GC heap after
{Heap after GC invocations=4 (full 0):
 garbage-first heap   total 262144K, used 25261K [0x00000000e0000000, 0x0000000100000000)
  region size 1024K, 2 young (2048K), 2 survivors (2048K)
 Metaspace       used 21207K, committed 21504K, reserved 339968K
  class space    used 3129K, committed 3264K, reserved 315392K
}
Event: 6.579 GC heap before
{Heap before GC invocations=5 (full 0):
 garbage-first heap   total 262144K, used 141997K [0x00000000e0000000, 0x0000000100000000)
  region size 1024K, 113 young (115712K), 2 survivors (2048K)
 Metaspace       used 35729K, committed 36160K, reserved 348160K
  class space    used 5083K, committed 5248K, reserved 315392K
}
Event: 6.588 GC heap after
{Heap after GC invocations=6 (full 0):
 garbage-first heap   total 262144K, used 32549K [0x00000000e0000000, 0x0000000100000000)
  region size 1024K, 9 young (9216K), 9 survivors (9216K)
 Metaspace       used 35729K, committed 36160K, reserved 348160K
  class space    used 5083K, committed 5248K, reserved 315392K
}
Event: 8.364 GC heap before
{Heap before GC invocations=7 (full 0):
 garbage-first heap   total 262144K, used 180005K [0x00000000e0000000, 0x0000000100000000)
  region size 1024K, 153 young (156672K), 9 survivors (9216K)
 Metaspace       used 37550K, committed 37888K, reserved 348160K
  class space    used 5305K, committed 5440K, reserved 315392K
}
Event: 8.381 GC heap after
{Heap after GC invocations=8 (full 0):
 garbage-first heap   total 262144K, used 40245K [0x00000000e0000000, 0x0000000100000000)
  region size 1024K, 16 young (16384K), 16 survivors (16384K)
 Metaspace       used 37550K, committed 37888K, reserved 348160K
  class space    used 5305K, committed 5440K, reserved 315392K
}
Event: 10.276 GC heap before
{Heap before GC invocations=8 (full 0):
 garbage-first heap   total 262144K, used 180533K [0x00000000e0000000, 0x0000000100000000)
  region size 1024K, 153 young (156672K), 16 survivors (16384K)
 Metaspace       used 45528K, committed 46016K, reserved 356352K
  class space    used 6406K, committed 6656K, reserved 315392K
}
Event: 10.295 GC heap after
{Heap after GC invocations=9 (full 0):
 garbage-first heap   total 262144K, used 46833K [0x00000000e0000000, 0x0000000100000000)
  region size 1024K, 15 young (15360K), 15 survivors (15360K)
 Metaspace       used 45528K, committed 46016K, reserved 356352K
  class space    used 6406K, committed 6656K, reserved 315392K
}
Event: 12.732 GC heap before
{Heap before GC invocations=9 (full 0):
 garbage-first heap   total 262144K, used 189169K [0x00000000e0000000, 0x0000000100000000)
  region size 1024K, 153 young (156672K), 15 survivors (15360K)
 Metaspace       used 55990K, committed 56576K, reserved 364544K
  class space    used 7901K, committed 8128K, reserved 315392K
}
Event: 12.755 GC heap after
{Heap after GC invocations=10 (full 0):
 garbage-first heap   total 262144K, used 57010K [0x00000000e0000000, 0x0000000100000000)
  region size 1024K, 18 young (18432K), 18 survivors (18432K)
 Metaspace       used 55990K, committed 56576K, reserved 364544K
  class space    used 7901K, committed 8128K, reserved 315392K
}
Event: 14.397 GC heap before
{Heap before GC invocations=10 (full 0):
 garbage-first heap   total 262144K, used 146098K [0x00000000e0000000, 0x0000000100000000)
  region size 1024K, 106 young (108544K), 18 survivors (18432K)
 Metaspace       used 60186K, committed 60736K, reserved 372736K
  class space    used 8433K, committed 8704K, reserved 315392K
}
Event: 14.415 GC heap after
{Heap after GC invocations=11 (full 0):
 garbage-first heap   total 262144K, used 62464K [0x00000000e0000000, 0x0000000100000000)
  region size 1024K, 16 young (16384K), 16 survivors (16384K)
 Metaspace       used 60186K, committed 60736K, reserved 372736K
  class space    used 8433K, committed 8704K, reserved 315392K
}
Event: 16.415 GC heap before
{Heap before GC invocations=12 (full 0):
 garbage-first heap   total 262144K, used 201728K [0x00000000e0000000, 0x0000000100000000)
  region size 1024K, 153 young (156672K), 16 survivors (16384K)
 Metaspace       used 62821K, committed 63488K, reserved 372736K
  class space    used 8745K, committed 9024K, reserved 315392K
}
Event: 16.437 GC heap after
{Heap after GC invocations=13 (full 0):
 garbage-first heap   total 262144K, used 76437K [0x00000000e0000000, 0x0000000100000000)
  region size 1024K, 20 young (20480K), 20 survivors (20480K)
 Metaspace       used 62821K, committed 63488K, reserved 372736K
  class space    used 8745K, committed 9024K, reserved 315392K
}
Event: 956.368 GC heap before
{Heap before GC invocations=13 (full 0):
 garbage-first heap   total 262144K, used 204437K [0x00000000e0000000, 0x0000000100000000)
  region size 1024K, 145 young (148480K), 20 survivors (20480K)
 Metaspace       used 64281K, committed 64960K, reserved 372736K
  class space    used 8893K, committed 9216K, reserved 315392K
}
Event: 956.426 GC heap after
{Heap after GC invocations=14 (full 0):
 garbage-first heap   total 262144K, used 77054K [0x00000000e0000000, 0x0000000100000000)
  region size 1024K, 6 young (6144K), 6 survivors (6144K)
 Metaspace       used 64281K, committed 64960K, reserved 372736K
  class space    used 8893K, committed 9216K, reserved 315392K
}

